
=== Wed Nov 15 20:12:30 2023

Packages were changed.
Update Mode: updateDependencies

The following packages were added:
  com.unity.ai.navigation@1.1.4
The following packages were updated:
  com.unity.animation.rigging from version 1.1.1 to 1.2.1
  com.unity.collab-proxy from version 1.17.7 to 2.0.7
  com.unity.render-pipelines.universal from version 12.1.8 to 14.0.8
  com.unity.timeline from version 1.6.5 to 1.7.5
  com.unity.visualscripting from version 1.7.8 to 1.9.0
  com.unity.xr.interaction.toolkit from version 2.2.0 to 2.5.0
  com.unity.xr.management from version 4.2.1 to 4.4.0
  com.unity.xr.oculus from version 3.2.3 to 4.0.0
  com.unity.xr.openxr from version 1.5.3 to 1.8.2

=== Sat Dec  9 18:46:46 2023

Packages were changed.
Update Mode: updateDependencies

The following packages were updated:
  com.unity.inputsystem from version 1.4.4 to 1.7.0
  com.unity.xr.management from version 4.2.1 to 4.4.0
  com.unity.xr.oculus from version 3.0.2 to 4.0.0
  com.unity.xr.openxr from version 1.5.3 to 1.8.2

=== Sat Dec  9 18:46:47 2023

Packages were changed.
Update Mode: mergeDefaultDependencies

The following packages were added:
  com.unity.inputsystem@1.7.0
